{"error":"connect ECONNREFUSED 127.0.0.1:6379","level":"error","message":"Redis connection error","service":"blinkkaro-api","timestamp":"2025-07-31T18:08:15.054Z"}
{"error":{"clientVersion":"5.22.0","errorCode":"P1012","name":"PrismaClientInitializationError"},"level":"error","message":"Failed to start server","service":"blinkkaro-api","timestamp":"2025-07-31T18:08:15.057Z"}
{"error":{"clientVersion":"5.22.0","errorCode":"P1001","name":"PrismaClientInitializationError"},"level":"error","message":"Failed to start server","service":"blinkkaro-api","timestamp":"2025-08-14T17:31:22.836Z"}
{"error":"getaddrinfo ENOTFOUND default","level":"error","message":"Redis connection error","service":"blinkkaro-api","timestamp":"2025-08-14T19:52:26.791Z"}
{"error":"getaddrinfo ENOTFOUND default","level":"error","message":"Redis connection error","service":"blinkkaro-api","timestamp":"2025-08-14T19:52:26.846Z"}
{"error":{"clientVersion":"5.22.0","errorCode":"P1001","name":"PrismaClientInitializationError"},"level":"error","message":"Failed to start server","service":"blinkkaro-api","timestamp":"2025-08-14T19:52:26.853Z"}
{"error":"getaddrinfo ENOTFOUND default","level":"error","message":"Redis connection error","service":"blinkkaro-api","timestamp":"2025-08-14T19:58:21.960Z"}
{"error":"getaddrinfo ENOTFOUND default","level":"error","message":"Redis connection error","service":"blinkkaro-api","timestamp":"2025-08-14T19:58:22.015Z"}
{"error":{"clientVersion":"5.22.0","errorCode":"P1001","name":"PrismaClientInitializationError"},"level":"error","message":"Failed to start server","service":"blinkkaro-api","timestamp":"2025-08-14T19:58:22.016Z"}
{"error":"connect ECONNREFUSED 127.0.0.1:6379","level":"error","message":"Redis connection error","service":"blinkkaro-api","timestamp":"2025-08-14T19:58:31.363Z"}
{"error":{"clientVersion":"5.22.0","errorCode":"P1001","name":"PrismaClientInitializationError"},"level":"error","message":"Failed to start server","service":"blinkkaro-api","timestamp":"2025-08-14T19:58:31.364Z"}
{"error":{"clientVersion":"5.22.0","errorCode":"P1001","name":"PrismaClientInitializationError"},"level":"error","message":"Failed to start server","service":"blinkkaro-api","timestamp":"2025-08-14T19:58:50.642Z"}
{"error":{"clientVersion":"5.22.0","errorCode":"P1001","name":"PrismaClientInitializationError"},"level":"error","message":"Failed to start server","service":"blinkkaro-api","timestamp":"2025-08-14T19:59:34.987Z"}
{"level":"info","message":"Redis connected successfully","service":"blinkkaro-api","timestamp":"2025-08-14T20:06:27.858Z"}
{"error":{"clientVersion":"5.22.0","errorCode":"P1001","name":"PrismaClientInitializationError"},"level":"error","message":"Failed to start server","service":"blinkkaro-api","timestamp":"2025-08-14T20:06:27.986Z"}
{"error":{"clientVersion":"5.22.0","errorCode":"P1001","name":"PrismaClientInitializationError"},"level":"error","message":"Failed to start server","service":"blinkkaro-api","timestamp":"2025-08-14T20:24:59.964Z"}
{"error":{"clientVersion":"5.22.0","errorCode":"P1001","name":"PrismaClientInitializationError"},"level":"error","message":"Failed to start server","service":"blinkkaro-api","timestamp":"2025-08-14T21:41:28.294Z"}
{"error":{"clientVersion":"5.22.0","errorCode":"P1001","name":"PrismaClientInitializationError"},"level":"error","message":"Failed to start server","service":"blinkkaro-api","timestamp":"2025-08-15T06:33:17.854Z"}
{"error":{"clientVersion":"5.22.0","errorCode":"P1001","name":"PrismaClientInitializationError"},"level":"error","message":"Failed to start server","service":"blinkkaro-api","timestamp":"2025-08-15T07:02:31.488Z"}
{"level":"info","message":"Redis connected successfully","service":"blinkkaro-api","timestamp":"2025-08-15T07:20:10.713Z"}
{"error":{"clientVersion":"5.22.0","errorCode":"P1000","name":"PrismaClientInitializationError"},"level":"error","message":"Failed to start server","service":"blinkkaro-api","timestamp":"2025-08-15T07:20:11.177Z"}
{"level":"info","message":"Redis connected successfully","service":"blinkkaro-api","timestamp":"2025-08-15T07:21:12.693Z"}
{"level":"info","message":"Connected to database","service":"blinkkaro-api","timestamp":"2025-08-15T07:21:12.868Z"}
{"level":"info","message":"Server is running on port 5500","service":"blinkkaro-api","timestamp":"2025-08-15T07:21:12.871Z"}
{"level":"info","message":"Shutting down server...","service":"blinkkaro-api","timestamp":"2025-08-15T07:21:21.048Z"}
{"level":"info","message":"Database connection closed","service":"blinkkaro-api","timestamp":"2025-08-15T07:21:21.057Z"}
{"level":"info","message":"Redis connected successfully","service":"blinkkaro-api","timestamp":"2025-08-15T07:28:47.092Z"}
{"level":"info","message":"Connected to database","service":"blinkkaro-api","timestamp":"2025-08-15T07:28:47.252Z"}
{"level":"info","message":"Server is running on port 5500","service":"blinkkaro-api","timestamp":"2025-08-15T07:28:47.254Z"}
{"level":"info","message":"Shutting down server...","service":"blinkkaro-api","timestamp":"2025-08-15T08:15:51.138Z"}
{"level":"info","message":"Database connection closed","service":"blinkkaro-api","timestamp":"2025-08-15T08:15:51.146Z"}
{"level":"info","message":"Redis connected successfully","service":"blinkkaro-api","timestamp":"2025-08-15T08:16:55.613Z"}
{"level":"info","message":"Connected to database","service":"blinkkaro-api","timestamp":"2025-08-15T08:16:55.700Z"}
{"level":"info","message":"Server is running on port 5500","service":"blinkkaro-api","timestamp":"2025-08-15T08:16:55.702Z"}
{"level":"info","message":"Shutting down server...","service":"blinkkaro-api","timestamp":"2025-08-15T08:18:22.729Z"}
{"level":"info","message":"Database connection closed","service":"blinkkaro-api","timestamp":"2025-08-15T08:18:22.737Z"}
{"level":"info","message":"Redis connected successfully","service":"blinkkaro-api","timestamp":"2025-08-15T08:18:27.313Z"}
{"level":"info","message":"Connected to database","service":"blinkkaro-api","timestamp":"2025-08-15T08:18:27.610Z"}
{"level":"info","message":"Server is running on port 5500","service":"blinkkaro-api","timestamp":"2025-08-15T08:18:27.611Z"}
{"email":"john.doe@example.com","error":{"clientVersion":"5.22.0","name":"PrismaClientUnknownRequestError"},"level":"error","message":"Error during user registration","service":"blinkkaro-api","timestamp":"2025-08-15T08:18:30.982Z"}
{"level":"info","message":"Shutting down server...","service":"blinkkaro-api","timestamp":"2025-08-15T08:20:23.561Z"}
{"level":"info","message":"Database connection closed","service":"blinkkaro-api","timestamp":"2025-08-15T08:20:23.570Z"}
{"level":"info","message":"Redis connected successfully","service":"blinkkaro-api","timestamp":"2025-08-15T08:20:26.221Z"}
{"level":"info","message":"Connected to database","service":"blinkkaro-api","timestamp":"2025-08-15T08:20:26.505Z"}
{"level":"info","message":"Server is running on port 5500","service":"blinkkaro-api","timestamp":"2025-08-15T08:20:26.509Z"}
{"email":"john.doe@example.com","error":{"clientVersion":"5.22.0","name":"PrismaClientUnknownRequestError"},"level":"error","message":"Error during user registration","service":"blinkkaro-api","timestamp":"2025-08-15T08:20:37.368Z"}
{"level":"info","message":"Shutting down server...","service":"blinkkaro-api","timestamp":"2025-08-15T08:22:16.958Z"}
{"level":"info","message":"Database connection closed","service":"blinkkaro-api","timestamp":"2025-08-15T08:22:16.966Z"}
{"level":"info","message":"Connected to database","service":"blinkkaro-api","timestamp":"2025-08-15T08:54:38.376Z"}
{"level":"info","message":"Server is running on port 5500","service":"blinkkaro-api","timestamp":"2025-08-15T08:54:38.394Z"}
{"level":"info","message":"Redis connected successfully","service":"blinkkaro-api","timestamp":"2025-08-15T08:54:38.492Z"}
{"level":"info","message":"Shutting down server...","service":"blinkkaro-api","timestamp":"2025-08-15T08:54:43.031Z"}
{"level":"info","message":"Connected to database","service":"blinkkaro-api","timestamp":"2025-08-15T08:54:43.147Z"}
{"level":"info","message":"Server is running on port 5500","service":"blinkkaro-api","timestamp":"2025-08-15T08:54:43.164Z"}
{"level":"info","message":"Redis connected successfully","service":"blinkkaro-api","timestamp":"2025-08-15T08:54:43.240Z"}
{"level":"info","message":"Shutting down server...","service":"blinkkaro-api","timestamp":"2025-08-15T08:54:48.329Z"}
{"level":"info","message":"Connected to database","service":"blinkkaro-api","timestamp":"2025-08-15T08:54:49.640Z"}
{"level":"info","message":"Server is running on port 5500","service":"blinkkaro-api","timestamp":"2025-08-15T08:54:49.657Z"}
{"level":"info","message":"Redis connected successfully","service":"blinkkaro-api","timestamp":"2025-08-15T08:54:49.739Z"}
{"error":{"code":"42P01","file":"parse_relation.c","length":104,"line":"1449","name":"error","position":"15","routine":"parserOpenTable","severity":"ERROR"},"level":"error","message":"Database query error","params":["john.doe@example.com"],"query":"SELECT * FROM users WHERE email = $1","service":"blinkkaro-api","timestamp":"2025-08-15T08:54:55.953Z"}
{"level":"info","message":"Shutting down server...","service":"blinkkaro-api","timestamp":"2025-08-15T08:57:02.275Z"}
{"level":"info","message":"Redis connected successfully","service":"blinkkaro-api","timestamp":"2025-08-15T08:57:02.568Z"}
{"level":"info","message":"Creating database...","service":"blinkkaro-api","timestamp":"2025-08-15T08:57:02.762Z"}
{"level":"info","message":"Database created successfully","service":"blinkkaro-api","timestamp":"2025-08-15T08:57:03.463Z"}
{"error":{"code":"42710","file":"typecmds.c","length":86,"line":"1177","name":"error","routine":"DefineEnum","severity":"ERROR"},"level":"error","message":"Error initializing database schema","service":"blinkkaro-api","timestamp":"2025-08-15T08:57:03.695Z"}
{"level":"info","message":"Redis connected successfully","service":"blinkkaro-api","timestamp":"2025-08-15T08:57:30.936Z"}
{"level":"info","message":"Database schema initialized successfully","service":"blinkkaro-api","timestamp":"2025-08-15T08:57:31.446Z"}
{"level":"info","message":"Database initialized successfully","service":"blinkkaro-api","timestamp":"2025-08-15T08:57:31.447Z"}
{"level":"info","message":"Server is running on port 5500","service":"blinkkaro-api","timestamp":"2025-08-15T08:57:31.448Z"}
{"level":"info","message":"Shutting down server...","service":"blinkkaro-api","timestamp":"2025-08-15T08:58:48.752Z"}
{"level":"info","message":"Redis connected successfully","service":"blinkkaro-api","timestamp":"2025-08-15T08:58:57.199Z"}
{"level":"info","message":"Database schema initialized successfully","service":"blinkkaro-api","timestamp":"2025-08-15T08:58:57.939Z"}
{"level":"info","message":"Database initialized successfully","service":"blinkkaro-api","timestamp":"2025-08-15T08:58:57.940Z"}
{"level":"info","message":"Server is running on port 5500","service":"blinkkaro-api","timestamp":"2025-08-15T08:58:57.941Z"}
{"level":"info","message":"Shutting down server...","service":"blinkkaro-api","timestamp":"2025-08-15T09:00:24.514Z"}
{"level":"info","message":"Redis connected successfully","service":"blinkkaro-api","timestamp":"2025-08-15T09:00:24.795Z"}
{"level":"info","message":"Database schema initialized successfully","service":"blinkkaro-api","timestamp":"2025-08-15T09:00:25.149Z"}
{"level":"info","message":"Database initialized successfully","service":"blinkkaro-api","timestamp":"2025-08-15T09:00:25.149Z"}
{"level":"info","message":"Server is running on port 5500","service":"blinkkaro-api","timestamp":"2025-08-15T09:00:25.151Z"}
{"level":"info","message":"Redis connected successfully","service":"blinkkaro-api","timestamp":"2025-08-15T09:00:36.125Z"}
{"level":"info","message":"Database schema initialized successfully","service":"blinkkaro-api","timestamp":"2025-08-15T09:00:36.448Z"}
{"level":"info","message":"Database initialized successfully","service":"blinkkaro-api","timestamp":"2025-08-15T09:00:36.449Z"}
{"level":"info","message":"Shutting down server...","service":"blinkkaro-api","timestamp":"2025-08-15T09:00:36.458Z"}
{"email":"john.doe@example.com","level":"info","message":"User registered successfully","service":"blinkkaro-api","timestamp":"2025-08-15T09:00:48.603Z","userId":"006e9f05-82b7-4ce9-ba5c-2e2c40879ab2"}
{"error":"read ETIMEDOUT","level":"error","message":"Redis connection error","service":"blinkkaro-api","timestamp":"2025-08-15T09:22:51.518Z"}
{"level":"info","message":"Redis connected successfully","service":"blinkkaro-api","timestamp":"2025-08-15T09:22:51.668Z"}
{"error":{"code":"42804","file":"parse_target.c","hint":"You will need to rewrite or cast the expression.","length":218,"line":"585","name":"error","position":"47","routine":"transformAssignedExpr","severity":"ERROR"},"level":"error","message":"Database query error","params":["2025-08-15T09:22:51.742Z","006e9f05-82b7-4ce9-ba5c-2e2c40879ab2"],"query":"\n      UPDATE users\n      SET last_login_at = $1\n      WHERE id = $1\n      RETURNING *\n    ","service":"blinkkaro-api","timestamp":"2025-08-15T09:22:51.943Z"}
{"level":"info","message":"Shutting down server...","service":"blinkkaro-api","timestamp":"2025-08-15T09:26:28.235Z"}
{"level":"info","message":"Redis connected successfully","service":"blinkkaro-api","timestamp":"2025-08-15T09:26:28.593Z"}
{"level":"info","message":"Database schema initialized successfully","service":"blinkkaro-api","timestamp":"2025-08-15T09:26:28.982Z"}
{"level":"info","message":"Database initialized successfully","service":"blinkkaro-api","timestamp":"2025-08-15T09:26:28.983Z"}
{"level":"info","message":"Server is running on port 5500","service":"blinkkaro-api","timestamp":"2025-08-15T09:26:28.986Z"}
{"level":"info","message":"Shutting down server...","service":"blinkkaro-api","timestamp":"2025-08-15T09:26:35.952Z"}
{"level":"info","message":"Redis connected successfully","service":"blinkkaro-api","timestamp":"2025-08-15T09:26:36.191Z"}
{"level":"info","message":"Database schema initialized successfully","service":"blinkkaro-api","timestamp":"2025-08-15T09:26:36.541Z"}
{"level":"info","message":"Database initialized successfully","service":"blinkkaro-api","timestamp":"2025-08-15T09:26:36.543Z"}
{"level":"info","message":"Server is running on port 5500","service":"blinkkaro-api","timestamp":"2025-08-15T09:26:36.545Z"}
{"email":"john.doe@example.com","level":"info","message":"User logged in successfully","service":"blinkkaro-api","timestamp":"2025-08-15T09:28:12.980Z","userId":"006e9f05-82b7-4ce9-ba5c-2e2c40879ab2"}
{"email":"john.doe@example.com","level":"info","message":"User logged in successfully","service":"blinkkaro-api","timestamp":"2025-08-15T09:32:44.778Z","userId":"006e9f05-82b7-4ce9-ba5c-2e2c40879ab2"}
{"level":"info","message":"Shutting down server...","service":"blinkkaro-api","timestamp":"2025-08-15T09:35:20.333Z"}
