{"error":"connect ECONNREFUSED 127.0.0.1:6379","level":"error","message":"Redis connection error","service":"blinkkaro-api","timestamp":"2025-07-31T18:08:15.054Z"}
{"error":{"clientVersion":"5.22.0","errorCode":"P1012","name":"PrismaClientInitializationError"},"level":"error","message":"Failed to start server","service":"blinkkaro-api","timestamp":"2025-07-31T18:08:15.057Z"}
{"error":{"clientVersion":"5.22.0","errorCode":"P1001","name":"PrismaClientInitializationError"},"level":"error","message":"Failed to start server","service":"blinkkaro-api","timestamp":"2025-08-14T17:31:22.836Z"}
{"error":"getaddrinfo ENOTFOUND default","level":"error","message":"Redis connection error","service":"blinkkaro-api","timestamp":"2025-08-14T19:52:26.791Z"}
{"error":"getaddrinfo ENOTFOUND default","level":"error","message":"Redis connection error","service":"blinkkaro-api","timestamp":"2025-08-14T19:52:26.846Z"}
{"error":{"clientVersion":"5.22.0","errorCode":"P1001","name":"PrismaClientInitializationError"},"level":"error","message":"Failed to start server","service":"blinkkaro-api","timestamp":"2025-08-14T19:52:26.853Z"}
{"error":"getaddrinfo ENOTFOUND default","level":"error","message":"Redis connection error","service":"blinkkaro-api","timestamp":"2025-08-14T19:58:21.960Z"}
{"error":"getaddrinfo ENOTFOUND default","level":"error","message":"Redis connection error","service":"blinkkaro-api","timestamp":"2025-08-14T19:58:22.015Z"}
{"error":{"clientVersion":"5.22.0","errorCode":"P1001","name":"PrismaClientInitializationError"},"level":"error","message":"Failed to start server","service":"blinkkaro-api","timestamp":"2025-08-14T19:58:22.016Z"}
{"error":"connect ECONNREFUSED 127.0.0.1:6379","level":"error","message":"Redis connection error","service":"blinkkaro-api","timestamp":"2025-08-14T19:58:31.363Z"}
{"error":{"clientVersion":"5.22.0","errorCode":"P1001","name":"PrismaClientInitializationError"},"level":"error","message":"Failed to start server","service":"blinkkaro-api","timestamp":"2025-08-14T19:58:31.364Z"}
{"error":{"clientVersion":"5.22.0","errorCode":"P1001","name":"PrismaClientInitializationError"},"level":"error","message":"Failed to start server","service":"blinkkaro-api","timestamp":"2025-08-14T19:58:50.642Z"}
{"error":{"clientVersion":"5.22.0","errorCode":"P1001","name":"PrismaClientInitializationError"},"level":"error","message":"Failed to start server","service":"blinkkaro-api","timestamp":"2025-08-14T19:59:34.987Z"}
{"error":{"clientVersion":"5.22.0","errorCode":"P1001","name":"PrismaClientInitializationError"},"level":"error","message":"Failed to start server","service":"blinkkaro-api","timestamp":"2025-08-14T20:06:27.986Z"}
{"error":{"clientVersion":"5.22.0","errorCode":"P1001","name":"PrismaClientInitializationError"},"level":"error","message":"Failed to start server","service":"blinkkaro-api","timestamp":"2025-08-14T20:24:59.964Z"}
{"error":{"clientVersion":"5.22.0","errorCode":"P1001","name":"PrismaClientInitializationError"},"level":"error","message":"Failed to start server","service":"blinkkaro-api","timestamp":"2025-08-14T21:41:28.294Z"}
{"error":{"clientVersion":"5.22.0","errorCode":"P1001","name":"PrismaClientInitializationError"},"level":"error","message":"Failed to start server","service":"blinkkaro-api","timestamp":"2025-08-15T06:33:17.854Z"}
{"error":{"clientVersion":"5.22.0","errorCode":"P1001","name":"PrismaClientInitializationError"},"level":"error","message":"Failed to start server","service":"blinkkaro-api","timestamp":"2025-08-15T07:02:31.488Z"}
{"error":{"clientVersion":"5.22.0","errorCode":"P1000","name":"PrismaClientInitializationError"},"level":"error","message":"Failed to start server","service":"blinkkaro-api","timestamp":"2025-08-15T07:20:11.177Z"}
{"email":"john.doe@example.com","error":{"clientVersion":"5.22.0","name":"PrismaClientUnknownRequestError"},"level":"error","message":"Error during user registration","service":"blinkkaro-api","timestamp":"2025-08-15T08:18:30.982Z"}
{"email":"john.doe@example.com","error":{"clientVersion":"5.22.0","name":"PrismaClientUnknownRequestError"},"level":"error","message":"Error during user registration","service":"blinkkaro-api","timestamp":"2025-08-15T08:20:37.368Z"}
{"error":{},"level":"error","message":"Error during shutdown","service":"blinkkaro-api","timestamp":"2025-08-15T08:54:43.032Z"}
{"error":{"code":"42P01","file":"parse_relation.c","length":104,"line":"1449","name":"error","position":"15","routine":"parserOpenTable","severity":"ERROR"},"level":"error","message":"Database query error","params":["john.doe@example.com"],"query":"SELECT * FROM users WHERE email = $1","service":"blinkkaro-api","timestamp":"2025-08-15T08:54:55.953Z"}
{"error":{"code":"42710","file":"typecmds.c","length":86,"line":"1177","name":"error","routine":"DefineEnum","severity":"ERROR"},"level":"error","message":"Error initializing database schema","service":"blinkkaro-api","timestamp":"2025-08-15T08:57:03.695Z"}
{"error":"read ETIMEDOUT","level":"error","message":"Redis connection error","service":"blinkkaro-api","timestamp":"2025-08-15T09:22:51.518Z"}
{"error":{"code":"42804","file":"parse_target.c","hint":"You will need to rewrite or cast the expression.","length":218,"line":"585","name":"error","position":"47","routine":"transformAssignedExpr","severity":"ERROR"},"level":"error","message":"Database query error","params":["2025-08-15T09:22:51.742Z","006e9f05-82b7-4ce9-ba5c-2e2c40879ab2"],"query":"\n      UPDATE users\n      SET last_login_at = $1\n      WHERE id = $1\n      RETURNING *\n    ","service":"blinkkaro-api","timestamp":"2025-08-15T09:22:51.943Z"}
